<?xml version="1.0" encoding="UTF-8"?>
<testng-results ignored="0" total="2" passed="2" failed="0" skipped="0">
  <reporter-output>
  </reporter-output>
  <suite started-at="2021-06-29T17:45:56 IST" name="Suite" finished-at="2021-06-29T17:45:57 IST" duration-ms="54">
    <groups>
    </groups>
    <test started-at="2021-06-29T17:45:56 IST" name="Test" finished-at="2021-06-29T17:45:57 IST" duration-ms="54">
      <class name="maventutor.Mavenjava.AppiumTest">
        <test-method signature="MobileTest()[pri:0, instance:maventutor.Mavenjava.AppiumTest@41ee392b]" started-at="2021-06-29T17:45:57 IST" name="MobileTest" finished-at="2021-06-29T17:45:57 IST" duration-ms="4" status="PASS">
          <reporter-output>
          </reporter-output>
        </test-method> <!-- MobileTest -->
      </class> <!-- maventutor.Mavenjava.AppiumTest -->
      <class name="maventutor.Mavenjava.SeleniumTest">
        <test-method signature="SeleniumWebTest()[pri:0, instance:maventutor.Mavenjava.SeleniumTest@1e67a849]" started-at="2021-06-29T17:45:57 IST" name="SeleniumWebTest" finished-at="2021-06-29T17:45:57 IST" duration-ms="0" status="PASS">
          <reporter-output>
          </reporter-output>
        </test-method> <!-- SeleniumWebTest -->
      </class> <!-- maventutor.Mavenjava.SeleniumTest -->
    </test> <!-- Test -->
  </suite> <!-- Suite -->
</testng-results>
